#
# A fatal error has been detected by the Java Runtime Environment:
#
#  Internal Error (javaClasses.cpp:136), pid=9864, tid=8308
#  fatal error: Invalid layout of preloaded class
#
# JRE version:  (7.0_45-b18) (build )
# Java VM: Java HotSpot(TM) Client VM (24.45-b08 mixed mode windows-x86 )
# Failed to write core dump. Minidumps are not enabled by default on client versions of Windows
#
# If you would like to submit a bug report, please visit:
#   http://bugreport.sun.com/bugreport/crash.jsp
#

---------------  T H R E A D  ---------------

Current thread (0x002ec800):  JavaThread "Unknown thread" [_thread_in_vm, id=8308, stack(0x003b0000,0x00400000)]

Stack: [0x003b0000,0x00400000],  sp=0x003ff378,  free space=316k
Native frames: (J=compiled Java code, j=interpreted, Vv=VM code, C=native code)
V  [jvm.dll+0x18df51]
V  [jvm.dll+0x187cc6]
V  [jvm.dll+0x3586a]
V  [jvm.dll+0x358f6]
V  [jvm.dll+0x4400d]
V  [jvm.dll+0x442be]
V  [jvm.dll+0x9263a]
V  [jvm.dll+0x929eb]
V  [jvm.dll+0x13daf1]
V  [jvm.dll+0x1605fc]
V  [jvm.dll+0xc8ebf]
C  [javaw.exe+0x13ce]
C  [javaw.exe+0x1e40]
C  [javaw.exe+0xa5b1]
C  [javaw.exe+0xa63b]
C  [kernel32.dll+0x1337a]
C  [ntdll.dll+0x39f72]
C  [ntdll.dll+0x39f45]


---------------  P R O C E S S  ---------------

Java Threads: ( => current thread )

Other Threads:

=>0x002ec800 (exited) JavaThread "Unknown thread" [_thread_in_vm, id=8308, stack(0x003b0000,0x00400000)]

VM state:not at safepoint (not fully initialized)

VM Mutex/Monitor currently owned by a thread: None

GC Heap History (0 events):
No events

Deoptimization events (0 events):
No events

Internal exceptions (0 events):
No events

Events (10 events):
Event: 0.007 loading class 0x00218eb0 done
Event: 0.007 loading class 0x00218940 done
Event: 0.007 loading class 0x00218920
Event: 0.007 loading class 0x0021fc88
Event: 0.007 loading class 0x0021fc88 done
Event: 0.007 loading class 0x0021fcb8
Event: 0.007 loading class 0x0021fcb8 done
Event: 0.007 loading class 0x0021fce8
Event: 0.007 loading class 0x0021fce8 done
Event: 0.007 loading class 0x00218920 done


Dynamic libraries:
0x00150000 - 0x0017f000 	C:\Program Files (x86)\Java\jre7\bin\javaw.exe
0x778a0000 - 0x77a20000 	C:\Windows\SysWOW64\ntdll.dll
0x76950000 - 0x76a60000 	C:\Windows\syswow64\kernel32.dll
0x765d0000 - 0x76617000 	C:\Windows\syswow64\KERNELBASE.dll
0x76c50000 - 0x76cf0000 	C:\Windows\syswow64\ADVAPI32.dll
0x772d0000 - 0x7737c000 	C:\Windows\syswow64\msvcrt.dll
0x77250000 - 0x77269000 	C:\Windows\SysWOW64\sechost.dll
0x76b60000 - 0x76c50000 	C:\Windows\syswow64\RPCRT4.dll
0x753c0000 - 0x75420000 	C:\Windows\syswow64\SspiCli.dll
0x753b0000 - 0x753bc000 	C:\Windows\syswow64\CRYPTBASE.dll
0x77150000 - 0x77250000 	C:\Windows\syswow64\USER32.dll
0x76a60000 - 0x76af0000 	C:\Windows\syswow64\GDI32.dll
0x761f0000 - 0x761fa000 	C:\Windows\syswow64\LPK.dll
0x76440000 - 0x764dd000 	C:\Windows\syswow64\USP10.dll
0x72ac0000 - 0x72c5e000 	C:\Windows\WinSxS\x86_microsoft.windows.common-controls_6595b64144ccf1df_6.0.7601.18837_none_41e855142bd5705d\COMCTL32.dll
0x76650000 - 0x766a7000 	C:\Windows\syswow64\SHLWAPI.dll
0x76570000 - 0x765d0000 	C:\Windows\system32\IMM32.DLL
0x77000000 - 0x770cc000 	C:\Windows\syswow64\MSCTF.dll
0x5e710000 - 0x5e7cf000 	C:\Program Files (x86)\Java\jre7\bin\msvcr100.dll
0x6dfd0000 - 0x6e350000 	C:\Program Files (x86)\Java\jre7\bin\client\jvm.dll
0x70b50000 - 0x70b57000 	C:\Windows\system32\WSOCK32.dll
0x76af0000 - 0x76b25000 	C:\Windows\syswow64\WS2_32.dll
0x76e10000 - 0x76e16000 	C:\Windows\syswow64\NSI.dll
0x74490000 - 0x744c2000 	C:\Windows\system32\WINMM.dll
0x76530000 - 0x76535000 	C:\Windows\syswow64\PSAPI.DLL
0x74190000 - 0x7419c000 	C:\Program Files (x86)\Java\jre7\bin\verify.dll
0x74170000 - 0x74190000 	C:\Program Files (x86)\Java\jre7\bin\java.dll
0x73db0000 - 0x73dc3000 	C:\Program Files (x86)\Java\jre7\bin\zip.dll
0x72500000 - 0x725eb000 	C:\Windows\system32\dbghelp.dll

VM Arguments:
jvm_args: -Dfile.encoding=UTF-8 -Xbootclasspath:E:\Android\android-sdk\platforms\android-22\android.jar 
java_command: com.zj.clock.test
Launcher Type: SUN_STANDARD

Environment Variables:
JAVA_HOME=C:\Program Files\Java\jdk1.7.0_13
PATH=C:/Program Files (x86)/Java/jre7/bin/client;C:/Program Files (x86)/Java/jre7/bin;C:/Program Files (x86)/Java/jre7/lib/i386;C:\Python27\;C:\Program Files (x86)\Common Files\NetSarang;C:\Windows\system32;C:\Windows;C:\Windows\System32\Wbem;C:\Windows\System32\WindowsPowerShell\v1.0\;C:\Program Files\Microsoft\Web Platform Installer\;C:\Program Files (x86)\Microsoft ASP.NET\ASP.NET Web Pages\v1.0\;C:\Program Files (x86)\Windows Kits\8.0\Windows Performance Toolkit\;C:\Program Files\Microsoft SQL Server\110\Tools\Binn\;C:\Program Files\TortoiseSVN\bin;C:\Program Files (x86)\GtkSharp\2.12\bin;C:\Program Files (x86)\Visual Leak Detector\bin\Win32;C:\Program Files (x86)\Visual Leak Detector\bin\Win64;C:\Cocos\frameworks\cocos2d-x-3.6\tools\cocos2d-console\bin;E:\Android\android-sdk;C:\Python27;C:\cygwin\bin;C:\cygwin\sbin;C:\cygwin\usr\sbin;C:\cygwin\usr\bin;C:\Program Files (x86)\Java\jdk1.7.0_45\bin;C:\opencv\build\x86\vc11\bin;C:\Cocos\tools\Python27;D:\eclipse-kepler;
USERNAME=Administrator
OS=Windows_NT
PROCESSOR_IDENTIFIER=Intel64 Family 6 Model 60 Stepping 3, GenuineIntel



---------------  S Y S T E M  ---------------

OS: Windows 7 , 64 bit Build 7601 Service Pack 1

CPU:total 4 (2 cores per cpu, 2 threads per core) family 6 model 60 stepping 3, cmov, cx8, fxsr, mmx, sse, sse2, sse3, ssse3, sse4.1, sse4.2, popcnt, avx, avx2, aes, erms, ht, tsc, tscinvbit

Memory: 4k page, physical 8328088k(3988624k free), swap 16654320k(11468124k free)

vm_info: Java HotSpot(TM) Client VM (24.45-b08) for windows-x86 JRE (1.7.0_45-b18), built on Oct  8 2013 06:02:43 by "java_re" with unknown MS VC++:1600

time: Mon Jun 29 11:07:18 2015
elapsed time: 0 seconds

